2025-06-09 18:14:20,204 dundie DEBUG l:52 f:email.py: Sending email from 'system@dundie.com' to 'jim@dundermifflin.com' with subject 'Your dundie password' and body 'Your password is: 9SB8Drdy'
2025-06-09 18:14:20,249 dundie DEBUG l:52 f:email.py: Sending email from 'system@dundie.com' to 'schrute@dundermifflin.com' with subject 'Your dundie password' and body 'Your password is: J8K6H94A'
2025-06-09 18:14:20,284 dundie DEBUG l:52 f:email.py: Sending email from 'system@dundie.com' to 'gabe@dundermifflin.com' with subject 'Your dundie password' and body 'Your password is: Y8RnWIeQ'
2025-06-09 18:14:20,325 dundie DEBUG l:52 f:email.py: Sending email from 'system@dundie.com' to 'mike@dd.com' with subject 'Your dundie password' and body 'Your password is: NwGnaAIU'
2025-06-09 18:14:20,360 dundie DEBUG l:52 f:email.py: Sending email from 'system@dundie.com' to 'pam@dd.com' with subject 'Your dundie password' and body 'Your password is: aOsRcpLB'
2025-06-09 18:14:20,395 dundie DEBUG l:52 f:email.py: Sending email from 'system@dundie.com' to 'creed@dd.com' with subject 'Your dundie password' and body 'Your password is: fHlGOcF5'
2025-06-09 19:44:23,778 dundie DEBUG l:52 f:email.py: Sending email from 'system@dundie.com' to 'jim@dundermifflin.com' with subject 'Your dundie password' and body 'Your password is: 6FQLc8eG'
2025-06-09 19:44:23,821 dundie DEBUG l:52 f:email.py: Sending email from 'system@dundie.com' to 'schrute@dundermifflin.com' with subject 'Your dundie password' and body 'Your password is: y07dBiOV'
2025-06-09 19:44:23,858 dundie DEBUG l:52 f:email.py: Sending email from 'system@dundie.com' to 'gabe@dundermifflin.com' with subject 'Your dundie password' and body 'Your password is: 8kW5wacs'
2025-06-09 19:44:23,894 dundie DEBUG l:52 f:email.py: Sending email from 'system@dundie.com' to 'mike@dd.com' with subject 'Your dundie password' and body 'Your password is: Y6de5Lon'
2025-06-09 19:44:23,930 dundie DEBUG l:52 f:email.py: Sending email from 'system@dundie.com' to 'pam@dd.com' with subject 'Your dundie password' and body 'Your password is: aG75AUXh'
2025-06-09 19:44:23,965 dundie DEBUG l:52 f:email.py: Sending email from 'system@dundie.com' to 'creed@dd.com' with subject 'Your dundie password' and body 'Your password is: 2uE1lNzx'
2025-06-09 19:44:58,941 dundie DEBUG l:52 f:email.py: Sending email from 'system@dundie.com' to 'jim@dundermifflin.com' with subject 'Your dundie password' and body 'Your password is: ModmLvV3'
2025-06-09 19:44:58,957 dundie ERROR l:77 f:email.py: Error sending email to ['jim@dundermifflin.com']: (500, b'Error: (OSError) [Errno 5] Input/output error')
2025-06-09 19:44:58,983 dundie DEBUG l:52 f:email.py: Sending email from 'system@dundie.com' to 'schrute@dundermifflin.com' with subject 'Your dundie password' and body 'Your password is: qcDwLFpW'
2025-06-09 19:44:58,993 dundie ERROR l:77 f:email.py: Error sending email to ['schrute@dundermifflin.com']: (500, b'Error: (OSError) [Errno 5] Input/output error')
2025-06-09 19:44:59,019 dundie DEBUG l:52 f:email.py: Sending email from 'system@dundie.com' to 'gabe@dundermifflin.com' with subject 'Your dundie password' and body 'Your password is: 92oAVwEQ'
2025-06-09 19:44:59,029 dundie ERROR l:77 f:email.py: Error sending email to ['gabe@dundermifflin.com']: (500, b'Error: (OSError) [Errno 5] Input/output error')
2025-06-09 19:44:59,064 dundie DEBUG l:52 f:email.py: Sending email from 'system@dundie.com' to 'mike@dd.com' with subject 'Your dundie password' and body 'Your password is: dfJvsPqZ'
2025-06-09 19:44:59,073 dundie ERROR l:77 f:email.py: Error sending email to ['mike@dd.com']: (500, b'Error: (OSError) [Errno 5] Input/output error')
2025-06-09 19:44:59,099 dundie DEBUG l:52 f:email.py: Sending email from 'system@dundie.com' to 'pam@dd.com' with subject 'Your dundie password' and body 'Your password is: zJVZOY6f'
2025-06-09 19:44:59,109 dundie ERROR l:77 f:email.py: Error sending email to ['pam@dd.com']: (500, b'Error: (OSError) [Errno 5] Input/output error')
2025-06-09 19:44:59,134 dundie DEBUG l:52 f:email.py: Sending email from 'system@dundie.com' to 'creed@dd.com' with subject 'Your dundie password' and body 'Your password is: QIrviXc5'
2025-06-09 19:44:59,144 dundie ERROR l:77 f:email.py: Error sending email to ['creed@dd.com']: (500, b'Error: (OSError) [Errno 5] Input/output error')
2025-06-09 19:45:48,155 dundie DEBUG l:52 f:email.py: Sending email from 'system@dundie.com' to 'jim@dundermifflin.com' with subject 'Your dundie password' and body 'Your password is: Xy921wtB'
2025-06-09 19:45:48,196 dundie DEBUG l:52 f:email.py: Sending email from 'system@dundie.com' to 'schrute@dundermifflin.com' with subject 'Your dundie password' and body 'Your password is: PN6Zpmjl'
2025-06-09 19:45:48,231 dundie DEBUG l:52 f:email.py: Sending email from 'system@dundie.com' to 'gabe@dundermifflin.com' with subject 'Your dundie password' and body 'Your password is: 9S3MPtYI'
2025-06-09 19:45:48,266 dundie DEBUG l:52 f:email.py: Sending email from 'system@dundie.com' to 'mike@dd.com' with subject 'Your dundie password' and body 'Your password is: zwecqkYJ'
2025-06-09 19:45:48,301 dundie DEBUG l:52 f:email.py: Sending email from 'system@dundie.com' to 'pam@dd.com' with subject 'Your dundie password' and body 'Your password is: 5y4IrdmC'
2025-06-09 19:45:48,336 dundie DEBUG l:52 f:email.py: Sending email from 'system@dundie.com' to 'creed@dd.com' with subject 'Your dundie password' and body 'Your password is: CFOiH8tB'
2025-06-09 19:48:27,773 dundie DEBUG l:52 f:email.py: Sending email from 'system@dundie.com' to 'jim@dundermifflin.com' with subject 'Your dundie password' and body 'Your password is: LU2AjNoy'
2025-06-09 19:48:27,814 dundie DEBUG l:52 f:email.py: Sending email from 'system@dundie.com' to 'schrute@dundermifflin.com' with subject 'Your dundie password' and body 'Your password is: oY6myJGE'
2025-06-09 19:48:27,849 dundie DEBUG l:52 f:email.py: Sending email from 'system@dundie.com' to 'gabe@dundermifflin.com' with subject 'Your dundie password' and body 'Your password is: aUXNIPmn'
2025-06-09 19:48:27,884 dundie DEBUG l:52 f:email.py: Sending email from 'system@dundie.com' to 'mike@dd.com' with subject 'Your dundie password' and body 'Your password is: YBZi5HLT'
2025-06-09 19:48:27,920 dundie DEBUG l:52 f:email.py: Sending email from 'system@dundie.com' to 'pam@dd.com' with subject 'Your dundie password' and body 'Your password is: 750yMnb6'
2025-06-09 19:48:27,955 dundie DEBUG l:52 f:email.py: Sending email from 'system@dundie.com' to 'creed@dd.com' with subject 'Your dundie password' and body 'Your password is: HCk2yKvj'
2025-06-09 19:48:42,893 dundie DEBUG l:52 f:email.py: Sending email from 'system@dundie.com' to 'jim@dundermifflin.com' with subject 'Your dundie password' and body 'Your password is: 9BHTwoGa'
2025-06-09 19:48:42,932 dundie DEBUG l:52 f:email.py: Sending email from 'system@dundie.com' to 'schrute@dundermifflin.com' with subject 'Your dundie password' and body 'Your password is: jSiAMvs0'
2025-06-09 19:48:42,967 dundie DEBUG l:52 f:email.py: Sending email from 'system@dundie.com' to 'gabe@dundermifflin.com' with subject 'Your dundie password' and body 'Your password is: 7UYiLgjJ'
2025-06-09 19:48:43,003 dundie DEBUG l:52 f:email.py: Sending email from 'system@dundie.com' to 'mike@dd.com' with subject 'Your dundie password' and body 'Your password is: 34uFSUxc'
2025-06-09 19:48:43,038 dundie DEBUG l:52 f:email.py: Sending email from 'system@dundie.com' to 'pam@dd.com' with subject 'Your dundie password' and body 'Your password is: RIOfkL5F'
2025-06-09 19:48:43,074 dundie DEBUG l:52 f:email.py: Sending email from 'system@dundie.com' to 'creed@dd.com' with subject 'Your dundie password' and body 'Your password is: 0j1xVABy'
